<?xml version="1.0" encoding="UTF-8"?>
<!-- Generated by org.testng.reporters.JUnitReportReporter -->
<testsuite hostname="LAPTOP-TOAM8MP0" failures="0" tests="1" name="test.Assignments" time="46.647" errors="0" timestamp="2024-09-07T11:08:08 IST" skipped="0">
  <testcase classname="test.Assignments" name="test" time="46.647"/>
  <system-out/>
</testsuite> <!-- test.Assignments -->
