<?xml version="1.0" encoding="UTF-8"?>
<!-- Generated by org.testng.reporters.JUnitReportReporter -->
<testsuite hostname="LAPTOP-TOAM8MP0" failures="0" tests="4" name="testng.p1" time="0.014" errors="0" timestamp="2024-08-16T15:28:21 IST" skipped="0">
  <testcase classname="testng.p1" name="test1" time="0.008"/>
  <system-out/>
  <testcase classname="testng.p1" name="test3" time="0.003"/>
  <system-out/>
  <testcase classname="testng.p1" name="test3" time="0.001"/>
  <system-out/>
  <testcase classname="testng.p1" name="test2" time="0.002"/>
  <system-out/>
</testsuite> <!-- testng.p1 -->
