<?xml version="1.0" encoding="UTF-8"?>
<!-- Generated by org.testng.reporters.JUnitReportReporter -->
<testsuite hostname="LAPTOP-TOAM8MP0" failures="0" tests="1" name="testng.robot" time="9.722" errors="0" timestamp="2024-08-21T12:18:09 IST" skipped="0">
  <testcase classname="testng.robot" name="test" time="9.722"/>
  <system-out/>
</testsuite> <!-- testng.robot -->
