<?xml version="1.0" encoding="UTF-8"?>
<!-- Generated by org.testng.reporters.JUnitReportReporter -->
<testsuite hostname="LAPTOP-TOAM8MP0" failures="0" tests="1" name="testng.problem" time="29.009" errors="0" timestamp="2024-08-20T16:01:50 IST" skipped="0">
  <testcase classname="testng.problem" name="test" time="29.009"/>
  <system-out/>
</testsuite> <!-- testng.problem -->
