<?xml version="1.0" encoding="UTF-8"?>
<!-- Generated by org.testng.reporters.JUnitReportReporter -->
<testsuite hostname="LAPTOP-TOAM8MP0" failures="0" tests="1" name="testpkg.fbtest" time="5.157" errors="0" timestamp="2024-08-28T15:52:55 IST" skipped="0">
  <testcase classname="testpkg.fbtest" name="verifyLoginWithValidCred" time="5.157"/>
  <system-out/>
</testsuite> <!-- testpkg.fbtest -->
