<?xml version="1.0" encoding="UTF-8"?>
<!-- Generated by org.testng.reporters.JUnitReportReporter -->
<testsuite hostname="LAPTOP-TOAM8MP0" failures="0" tests="1" name="testng.autoit" time="12.156" errors="0" timestamp="2024-08-21T13:27:27 IST" skipped="0">
  <testcase classname="testng.autoit" name="test" time="12.156"/>
  <system-out/>
</testsuite> <!-- testng.autoit -->
