<?xml version="1.0" encoding="UTF-8"?>
<!-- Generated by org.testng.reporters.JUnitReportReporter -->
<testsuite hostname="LAPTOP-TOAM8MP0" failures="0" tests="1" name="problem.date" time="11.210" errors="0" timestamp="2024-08-27T15:47:11 IST" skipped="0">
  <testcase classname="problem.date" name="test" time="11.210"/>
  <system-out/>
</testsuite> <!-- problem.date -->
