<?xml version="1.0" encoding="UTF-8"?>
<!-- Generated by org.testng.reporters.JUnitReportReporter -->
<testsuite hostname="LAPTOP-TOAM8MP0" failures="0" tests="1" name="testng.parameters" time="0.010" errors="0" timestamp="2024-08-19T15:01:09 IST" skipped="0">
  <testcase classname="testng.parameters" name="main" time="0.010"/>
  <system-out/>
</testsuite> <!-- testng.parameters -->
