<?xml version="1.0" encoding="UTF-8"?>
<!-- Generated by org.testng.reporters.JUnitReportReporter -->
<testsuite hostname="LAPTOP-TOAM8MP0" failures="0" tests="1" name="test.fblogintest" time="1.889" errors="0" timestamp="2024-08-26T15:13:56 IST" skipped="0">
  <testcase classname="test.fblogintest" name="test" time="1.889"/>
  <system-out/>
</testsuite> <!-- test.fblogintest -->
