<?xml version="1.0" encoding="UTF-8"?>
<!-- Generated by org.testng.reporters.JUnitReportReporter -->
<testsuite hostname="LAPTOP-TOAM8MP0" failures="0" tests="1" name="testng.mouse" time="6.884" errors="0" timestamp="2024-08-22T15:20:02 IST" skipped="0">
  <testcase classname="testng.mouse" name="test" time="6.884"/>
  <system-out/>
</testsuite> <!-- testng.mouse -->
