<?xml version="1.0" encoding="UTF-8"?>
<!-- Generated by org.testng.reporters.JUnitReportReporter -->
<testsuite hostname="LAPTOP-TOAM8MP0" failures="0" tests="2" name="testng.mul" time="14.509" errors="0" timestamp="2024-08-20T11:03:49 IST" skipped="0">
  <testcase classname="testng.mul" name="test" time="3.981"/>
  <system-out/>
  <testcase classname="testng.mul" name="test" time="10.528"/>
  <system-out/>
</testsuite> <!-- testng.mul -->
