<?xml version="1.0" encoding="UTF-8"?>
<!-- Generated by org.testng.reporters.JUnitReportReporter -->
<testsuite hostname="LAPTOP-TOAM8MP0" failures="0" tests="1" name="testng.drag" time="20.084" errors="0" timestamp="2024-08-20T15:40:26 IST" skipped="0">
  <testcase classname="testng.drag" name="test" time="20.084"/>
  <system-out/>
</testsuite> <!-- testng.drag -->
