<?xml version="1.0" encoding="UTF-8"?>
<!-- Generated by org.testng.reporters.JUnitReportReporter -->
<testsuite hostname="LAPTOP-TOAM8MP0" failures="0" tests="1" name="problem.notification" time="7.573" errors="0" timestamp="2024-08-29T14:47:44 IST" skipped="0">
  <testcase classname="problem.notification" name="test" time="7.573"/>
  <system-out/>
</testsuite> <!-- problem.notification -->
