<?xml version="1.0" encoding="UTF-8"?>
<!-- Generated by org.testng.reporters.JUnitReportReporter -->
<testsuite hostname="LAPTOP-TOAM8MP0" failures="0" tests="3" name="testng.gruopung" time="0.014" errors="0" timestamp="2024-08-19T14:38:40 IST" skipped="0">
  <testcase classname="testng.gruopung" name="main2" time="0.001"/>
  <system-out/>
  <testcase classname="testng.gruopung" name="main1" time="0.012"/>
  <system-out/>
  <testcase classname="testng.gruopung" name="main4" time="0.001"/>
  <system-out/>
</testsuite> <!-- testng.gruopung -->
