<?xml version="1.0" encoding="UTF-8"?>
<!-- Generated by org.testng.reporters.JUnitReportReporter -->
<testsuite hostname="LAPTOP-TOAM8MP0" failures="0" tests="1" name="testng.handles" time="28.344" errors="0" timestamp="2024-08-26T12:19:14 IST" skipped="0">
  <testcase classname="testng.handles" name="test" time="28.344"/>
  <system-out/>
</testsuite> <!-- testng.handles -->
