<?xml version="1.0" encoding="UTF-8"?>
<!-- Generated by org.testng.reporters.JUnitReportReporter -->
<testsuite hostname="LAPTOP-TOAM8MP0" failures="0" tests="1" name="testng.data" time="9.500" errors="0" timestamp="2024-08-23T15:36:20 IST" skipped="0">
  <testcase classname="testng.data" name="test" time="9.500"/>
  <system-out/>
</testsuite> <!-- testng.data -->
