<?xml version="1.0" encoding="UTF-8"?>
<!-- Generated by org.testng.reporters.JUnitReportReporter -->
<testsuite hostname="LAPTOP-TOAM8MP0" failures="0" tests="1" name="pagepkg.spage" time="4.956" errors="0" timestamp="2024-09-07T11:21:47 IST" skipped="0">
  <testcase classname="pagepkg.spage" name="test1" time="4.956"/>
  <system-out/>
</testsuite> <!-- pagepkg.spage -->
