<?xml version="1.0" encoding="UTF-8"?>
<!-- Generated by org.testng.reporters.JUnitReportReporter -->
<testsuite hostname="LAPTOP-TOAM8MP0" failures="0" tests="1" name="testng.action" time="22.215" errors="0" timestamp="2024-08-20T14:39:50 IST" skipped="0">
  <testcase classname="testng.action" name="test" time="22.215"/>
  <system-out/>
</testsuite> <!-- testng.action -->
